2025-04-11T18:51:59.732313 - Login Attempt: Username: 
2025-04-11T18:51:59.732813 - Login Failure: Username: 
2025-04-11T18:52:22.855782 - Login Attempt: Username: savics
2025-04-11T18:52:22.857523 - Login Success: Username: savics
2025-04-11T19:12:41.599367 - Login Attempt: Account Number: 1234567890
2025-04-11T19:12:41.600144 - Login Success: Account Number: 1234567890
2025-04-11T19:14:27.899190 - Deposit: Account: Savings, Amount: 3000.0
2025-04-11T19:21:37.624015 - Login Attempt: Account Number: 1234567890
2025-04-11T19:21:37.624583 - Login Success: Account Number: 1234567890
2025-04-11T19:28:51.920474 - Login Attempt: Account Number: 1234567890
2025-04-11T19:28:51.920977 - Login Success: Account Number: 1234567890
2025-04-11T19:32:32.305292 - Login Attempt: Account Number: 1234567890
2025-04-11T19:32:32.306232 - Login Success: Account Number: 1234567890
2025-04-11T19:35:43.722029 - Login Attempt: Account Number: 1234567890
2025-04-11T19:35:43.722522 - Login Success: Account Number: 1234567890
2025-04-11T19:38:33.770719 - Login Attempt: Account Number: 1234567890
2025-04-11T19:38:33.771198 - Login Success: Account Number: 1234567890
2025-04-11T19:41:15.014227 - Login Attempt: Account Number: 1234567890
2025-04-11T19:41:15.014787 - Login Success: Account Number: 1234567890
2025-04-11T19:41:37.473173 - Login Attempt: Account Number: 1234567890
2025-04-11T19:41:37.473828 - Login Success: Account Number: 1234567890
2025-04-11T19:43:18.431173 - Login Attempt: Account Number: 1234567890
2025-04-11T19:43:18.431787 - Login Success: Account Number: 1234567890
2025-04-11T19:58:43.299181 - Login Attempt: Account Number: 1234567890
2025-04-11T19:58:43.299927 - Login Success: Account Number: 1234567890
2025-04-11T20:16:38.963522 - Login Attempt: Account Number: 1234567890
2025-04-11T20:16:38.964114 - Login Success: Account Number: 1234567890
2025-04-11T20:19:30.213012 - Login Attempt: Account Number: 1234567890
2025-04-11T20:19:30.213579 - Login Success: Account Number: 1234567890
2025-04-11T20:20:54.767292 - Login Attempt: Account Number: 1234567890
2025-04-11T20:20:54.767878 - Login Success: Account Number: 1234567890
2025-04-11T20:21:50.146931 - Login Attempt: Account Number: 1234567890
2025-04-11T20:21:50.147530 - Login Success: Account Number: 1234567890
2025-04-12T10:32:03.982428 - Login Attempt: Account Number: 1234567890
2025-04-12T10:32:03.983080 - Login Success: Account Number: 1234567890
2025-04-12T10:33:03.150490 - Login Attempt: Account Number: 1234567890
2025-04-12T10:33:03.151310 - Login Success: Account Number: 1234567890
2025-04-12T10:43:32.319307 - Login Attempt: Account Number: 1234567890
2025-04-12T10:43:32.320153 - Login Success: Account Number: 1234567890
2025-04-12T10:44:20.582461 - Login Attempt: Account Number: 1234567890
2025-04-12T10:44:20.583829 - Login Success: Account Number: 1234567890
2025-04-12T10:45:16.653951 - Login Attempt: Account Number: 1234567890
2025-04-12T10:45:16.654639 - Login Success: Account Number: 1234567890
2025-04-12T10:47:11.481055 - Login Attempt: Account Number: 1234567890
2025-04-12T10:47:11.481643 - Login Success: Account Number: 1234567890
2025-04-12T10:50:15.512466 - Login Attempt: Account Number: 1234567890
2025-04-12T10:50:15.513024 - Login Success: Account Number: 1234567890
2025-04-12T10:51:36.281245 - Login Attempt: Account Number: 1234567890
2025-04-12T10:51:36.281846 - Login Success: Account Number: 1234567890
2025-04-12T10:52:30.751332 - Login Attempt: Account Number: 1234567890
2025-04-12T10:52:30.752132 - Login Success: Account Number: 1234567890
2025-04-12T10:54:45.071429 - Login Attempt: Account Number: 1234567890
2025-04-12T10:54:45.072057 - Login Success: Account Number: 1234567890
2025-04-12T10:55:43.106128 - Login Attempt: Account Number: 1234567890
2025-04-12T10:55:43.106838 - Login Success: Account Number: 1234567890
2025-04-12T10:56:13.730709 - Login Attempt: Account Number: 1234567890
2025-04-12T10:56:13.731325 - Login Success: Account Number: 1234567890
2025-04-12T10:57:30.531937 - Login Attempt: Account Number: 1234567890
2025-04-12T10:57:30.532403 - Login Success: Account Number: 1234567890
2025-04-12T10:58:26.286725 - Login Attempt: Account Number: 1234567890
2025-04-12T10:58:26.287321 - Login Success: Account Number: 1234567890
2025-04-12T11:01:55.595746 - Login Attempt: Account Number: 1234567890
2025-04-12T11:01:55.596500 - Login Success: Account Number: 1234567890
2025-04-12T11:03:24.066207 - Login Attempt: Account Number: 1234567890
2025-04-12T11:03:24.066849 - Login Success: Account Number: 1234567890
2025-04-12T11:04:27.634106 - Login Attempt: Account Number: 1234567890
2025-04-12T11:04:27.634700 - Login Success: Account Number: 1234567890
2025-04-12T11:05:35.749254 - Login Attempt: Account Number: 1234567890
2025-04-12T11:05:35.749813 - Login Success: Account Number: 1234567890
2025-04-12T11:07:07.497221 - Login Attempt: Account Number: 1234567890
2025-04-12T11:07:07.497810 - Login Success: Account Number: 1234567890
2025-04-12T11:08:35.095614 - Login Attempt: Account Number: 1234567890
2025-04-12T11:08:35.096304 - Login Success: Account Number: 1234567890
2025-04-12T11:09:43.579929 - Login Attempt: Account Number: 1234567890
2025-04-12T11:09:43.580555 - Login Success: Account Number: 1234567890
2025-04-12T11:10:54.793585 - Login Attempt: Account Number: 1234567890
2025-04-12T11:10:54.794228 - Login Success: Account Number: 1234567890
2025-04-12T11:18:22.118656 - Login Attempt: Account Number: 1234567890
2025-04-12T11:18:22.119309 - Login Success: Account Number: 1234567890
2025-04-12T11:19:28.089514 - Login Attempt: Account Number: 1234567890
2025-04-12T11:19:28.090120 - Login Success: Account Number: 1234567890
2025-04-12T11:22:36.609435 - Login Attempt: Account Number: 1234567890
2025-04-12T11:22:36.609996 - Login Success: Account Number: 1234567890
2025-04-12T11:24:54.080313 - Login Attempt: Account Number: 1234567890
2025-04-12T11:24:54.080994 - Login Success: Account Number: 1234567890
2025-04-12T11:26:15.745065 - Login Attempt: Account Number: 1234567890
2025-04-12T11:26:15.745622 - Login Success: Account Number: 1234567890
2025-04-12T11:29:45.780003 - Login Attempt: Account Number: 1234567890
2025-04-12T11:29:45.780601 - Login Success: Account Number: 1234567890
2025-04-12T11:30:18.974894 - Login Attempt: Account Number: 1234567890
2025-04-12T11:30:18.975562 - Login Success: Account Number: 1234567890
2025-04-12T11:31:21.766336 - Login Attempt: Account Number: 1234567890
2025-04-12T11:31:21.766998 - Login Success: Account Number: 1234567890
2025-04-12T11:32:47.101344 - Login Attempt: Account Number: 1234567890
2025-04-12T11:32:47.101968 - Login Success: Account Number: 1234567890
2025-04-12T11:33:43.523944 - Login Attempt: Account Number: 1234567890
2025-04-12T11:33:43.524532 - Login Success: Account Number: 1234567890
2025-04-12T11:44:54.503837 - Login Attempt: Account Number: 1234567890
2025-04-12T11:44:54.504470 - Login Success: Account Number: 1234567890
2025-04-12T11:47:47.316656 - Login Attempt: Account Number: 1234567890
2025-04-12T11:47:47.317283 - Login Success: Account Number: 1234567890
2025-04-12T11:48:04.626419 - Login Attempt: Account Number: 
2025-04-12T11:48:04.627483 - Login Failure: Account Number: 
2025-04-12T11:54:41.248180 - Login Attempt: Account Number: 1234567890
2025-04-12T11:54:41.248784 - Login Success: Account Number: 1234567890
2025-04-12T11:59:06.759969 - Login Attempt: Account Number: 1234567890
2025-04-12T11:59:06.760974 - Login Success: Account Number: 1234567890
2025-04-12T12:01:27.280373 - Login Attempt: Account Number: 1234567890
2025-04-12T12:01:27.281104 - Login Success: Account Number: 1234567890
2025-04-12T12:03:24.404304 - Login Attempt: Account Number: 2054567890
2025-04-12T12:03:24.404928 - Login Success: Account Number: 2054567890
2025-04-12T12:03:40.519334 - Login Attempt: Account Number: 2054567891
2025-04-12T12:03:40.519966 - Login Success: Account Number: 2054567891
